Using pre-set license

 COMMAND LINE ARGUMENTS:
/Users/kobe/Documents/2020.3.5f1/Unity.app/Contents/MacOS/Unity
-adb2
-batchMode
-noUpm
-name
AssetImportWorker0
-projectPath
/Users/kobe/Downloads/My project
-logFile
Logs/AssetImportWorker0.log
-srvPort
59852
Successfully changed project path to: /Users/kobe/Downloads/My project
/Users/kobe/Downloads/My project
Using Asset Import Pipeline V2.
Refreshing native plugins compatible for Editor in 27.60 ms, found 1 plugins.
Preloading 0 native plugins for Editor in 0.00 ms.
Initialize engine version: 2020.3.5f1 (8095aa901b9b)
[Subsystems] Discovering subsystems at path /Users/kobe/Documents/2020.3.5f1/Unity.app/Contents/Resources/UnitySubsystems
[Subsystems] Discovering subsystems at path /Users/kobe/Downloads/My project/Assets
GfxDevice: creating device client; threaded=0
2022-09-29 17:22:49.167 Unity[9610:5888688] (null) preferred device: Apple M1 Pro (high power)
2022-09-29 17:22:49.167 Unity[9610:5888688] Metal devices available: 1
2022-09-29 17:22:49.167 Unity[9610:5888688] 0: Apple M1 Pro (high power)
2022-09-29 17:22:49.167 Unity[9610:5888688] Using device Apple M1 Pro (high power)
Initializing Metal device caps: Apple M1 Pro
Initialize mono
Mono path[0] = '/Users/kobe/Documents/2020.3.5f1/Unity.app/Contents/Managed'
Mono path[1] = '/Users/kobe/Documents/2020.3.5f1/Unity.app/Contents/MonoBleedingEdge/lib/mono/unityjit'
Mono config path = '/Users/kobe/Documents/2020.3.5f1/Unity.app/Contents/MonoBleedingEdge/etc'
Using monoOptions --debugger-agent=transport=dt_socket,embedding=1,server=y,suspend=n,address=127.0.0.1:56610
Begin MonoManager ReloadAssembly
Registering precompiled unity dll's ...
Register platform support module: /Users/kobe/Documents/2020.3.5f1/Unity.app/Contents/PlaybackEngines/MacStandaloneSupport/UnityEditor.OSXStandalone.Extensions.dll
Register platform support module: /Users/kobe/Documents/2020.3.5f1/PlaybackEngines/WindowsStandaloneSupport/UnityEditor.WindowsStandalone.Extensions.dll
Registered in 0.000512 seconds.
Native extension for WindowsStandalone target not found
Native extension for OSXStandalone target not found
Refreshing native plugins compatible for Editor in 28.53 ms, found 1 plugins.
Preloading 0 native plugins for Editor in 0.00 ms.
Mono: successfully reloaded assembly
- Completed reload, in  2.081 seconds
Platform modules already initialized, skipping
Registering precompiled user dll's ...
Registered in 0.000652 seconds.
Begin MonoManager ReloadAssembly
Native extension for WindowsStandalone target not found
Native extension for OSXStandalone target not found
Refreshing native plugins compatible for Editor in 0.30 ms, found 1 plugins.
Preloading 0 native plugins for Editor in 0.00 ms.
Mono: successfully reloaded assembly
- Completed reload, in  1.794 seconds
Platform modules already initialized, skipping
========================================================================
Worker process is ready to serve import requests
Launching external process: /Users/kobe/Documents/2020.3.5f1/Unity.app/Contents/Tools/UnityShaderCompiler
Launched and connected shader compiler UnityShaderCompiler after 0.02 seconds
Refreshing native plugins compatible for Editor in 0.38 ms, found 1 plugins.
Preloading 0 native plugins for Editor in 0.00 ms.
Unloading 1291 Unused Serialized files (Serialized files now loaded: 0)
System memory in use before: 138.0 MB.
System memory in use after: 138.1 MB.

Unloading 13 unused Assets to reduce memory usage. Loaded Objects now: 1754.
Total: 1.657500 ms (FindLiveObjects: 0.136250 ms CreateObjectMapping: 0.080958 ms MarkObjects: 1.341333 ms  DeleteObjects: 0.097875 ms)

========================================================================
Received Import Request.
  path: Assets/New Folder/RandomSpawnerV2.cs
  artifactKey: Guid(f8a3a634099634fc892b42c967a4a8f2) Importer(815301076,1909f56bfc062723c751e8b465ee728b)
Start importing Assets/New Folder/RandomSpawnerV2.cs using Guid(f8a3a634099634fc892b42c967a4a8f2) Importer(815301076,1909f56bfc062723c751e8b465ee728b)  -> (artifact id: '0bbeaadf487fb800f866c0f24720fa00') in 0.135881 seconds
  Import took 0.138125 seconds .

========================================================================
Received Import Request.
  Time since last request: 0.000315 seconds.
  path: Assets/New Folder/RandomSpawnerV2.cs
  artifactKey: Guid(f8a3a634099634fc892b42c967a4a8f2) Importer(815301076,1909f56bfc062723c751e8b465ee728b)
Start importing Assets/New Folder/RandomSpawnerV2.cs using Guid(f8a3a634099634fc892b42c967a4a8f2) Importer(815301076,1909f56bfc062723c751e8b465ee728b)  -> (artifact id: '0bbeaadf487fb800f866c0f24720fa00') in 0.001879 seconds
  Import took 0.003512 seconds .

========================================================================
Received Prepare
Registering precompiled user dll's ...
Registered in 0.000604 seconds.
Begin MonoManager ReloadAssembly
Native extension for WindowsStandalone target not found
Native extension for OSXStandalone target not found
Refreshing native plugins compatible for Editor in 0.27 ms, found 1 plugins.
Preloading 0 native plugins for Editor in 0.00 ms.
Mono: successfully reloaded assembly
- Completed reload, in  1.591 seconds
Platform modules already initialized, skipping
Refreshing native plugins compatible for Editor in 0.28 ms, found 1 plugins.
Preloading 0 native plugins for Editor in 0.00 ms.
Unloading 1245 Unused Serialized files (Serialized files now loaded: 0)
System memory in use before: 138.5 MB.
System memory in use after: 138.6 MB.

Unloading 8 unused Assets to reduce memory usage. Loaded Objects now: 1757.
Total: 1.260833 ms (FindLiveObjects: 0.119375 ms CreateObjectMapping: 0.025833 ms MarkObjects: 1.066667 ms  DeleteObjects: 0.048041 ms)

========================================================================
Received Prepare
Registering precompiled user dll's ...
Registered in 0.000626 seconds.
Begin MonoManager ReloadAssembly
Native extension for WindowsStandalone target not found
Native extension for OSXStandalone target not found
Refreshing native plugins compatible for Editor in 0.31 ms, found 1 plugins.
Preloading 0 native plugins for Editor in 0.00 ms.
Mono: successfully reloaded assembly
- Completed reload, in  1.629 seconds
Platform modules already initialized, skipping
Refreshing native plugins compatible for Editor in 0.24 ms, found 1 plugins.
Preloading 0 native plugins for Editor in 0.00 ms.
Unloading 1245 Unused Serialized files (Serialized files now loaded: 0)
System memory in use before: 138.7 MB.
System memory in use after: 138.8 MB.

Unloading 8 unused Assets to reduce memory usage. Loaded Objects now: 1760.
Total: 1.169959 ms (FindLiveObjects: 0.136917 ms CreateObjectMapping: 0.031083 ms MarkObjects: 0.954333 ms  DeleteObjects: 0.043167 ms)

========================================================================
Received Prepare
Registering precompiled user dll's ...
Registered in 0.000617 seconds.
Begin MonoManager ReloadAssembly
Native extension for WindowsStandalone target not found
Native extension for OSXStandalone target not found
Refreshing native plugins compatible for Editor in 0.30 ms, found 1 plugins.
Preloading 0 native plugins for Editor in 0.00 ms.
Mono: successfully reloaded assembly
- Completed reload, in  1.580 seconds
Platform modules already initialized, skipping
Refreshing native plugins compatible for Editor in 0.28 ms, found 1 plugins.
Preloading 0 native plugins for Editor in 0.00 ms.
Unloading 1245 Unused Serialized files (Serialized files now loaded: 0)
System memory in use before: 139.0 MB.
System memory in use after: 139.1 MB.

Unloading 8 unused Assets to reduce memory usage. Loaded Objects now: 1763.
Total: 1.270375 ms (FindLiveObjects: 0.099041 ms CreateObjectMapping: 0.026750 ms MarkObjects: 1.089625 ms  DeleteObjects: 0.054167 ms)

========================================================================
Received Prepare
Registering precompiled user dll's ...
Registered in 0.001672 seconds.
Begin MonoManager ReloadAssembly
Native extension for WindowsStandalone target not found
Native extension for OSXStandalone target not found
Refreshing native plugins compatible for Editor in 0.28 ms, found 1 plugins.
Preloading 0 native plugins for Editor in 0.00 ms.
Mono: successfully reloaded assembly
- Completed reload, in  1.566 seconds
Platform modules already initialized, skipping
Refreshing native plugins compatible for Editor in 0.27 ms, found 1 plugins.
Preloading 0 native plugins for Editor in 0.00 ms.
Unloading 1245 Unused Serialized files (Serialized files now loaded: 0)
System memory in use before: 139.2 MB.
System memory in use after: 139.3 MB.

Unloading 8 unused Assets to reduce memory usage. Loaded Objects now: 1766.
Total: 1.173209 ms (FindLiveObjects: 0.120416 ms CreateObjectMapping: 0.027542 ms MarkObjects: 0.974083 ms  DeleteObjects: 0.050333 ms)

========================================================================
Received Prepare
Registering precompiled user dll's ...
Registered in 0.001924 seconds.
Begin MonoManager ReloadAssembly
Native extension for WindowsStandalone target not found
Native extension for OSXStandalone target not found
Refreshing native plugins compatible for Editor in 0.30 ms, found 1 plugins.
Preloading 0 native plugins for Editor in 0.00 ms.
Mono: successfully reloaded assembly
- Completed reload, in  1.594 seconds
Platform modules already initialized, skipping
Refreshing native plugins compatible for Editor in 0.28 ms, found 1 plugins.
Preloading 0 native plugins for Editor in 0.00 ms.
Unloading 1245 Unused Serialized files (Serialized files now loaded: 0)
System memory in use before: 139.4 MB.
System memory in use after: 139.5 MB.

Unloading 8 unused Assets to reduce memory usage. Loaded Objects now: 1769.
Total: 1.237917 ms (FindLiveObjects: 0.134833 ms CreateObjectMapping: 0.029000 ms MarkObjects: 1.015417 ms  DeleteObjects: 0.057666 ms)

